# JRE version: Java(TM) SE Runtime Environment (8.0_211-b12) (build 1.8.0_211-b12)
# Java VM: Java HotSpot(TM) 64-Bit Server VM (25.211-b12 mixed mode linux-amd64 )
Heap:
 PSYoungGen      total 872448K, used 255091K [0x00007f8d3bb00000, 0x00007f8d93b80000, 0x00007f9271000000)
  eden space 406528K, 0% used [0x00007f8d3bb00000,0x00007f8d3bb00000,0x00007f8d54800000)
  from space 465920K, 54% used [0x00007f8d54800000,0x00007f8d6411ce50,0x00007f8d70f00000)
  to   space 486400K, 0% used [0x00007f8d76080000,0x00007f8d76080000,0x00007f8d93b80000)
 ParOldGen       total 1319936K, used 1319689K [0x00007f82d1000000, 0x00007f8321900000, 0x00007f8d3bb00000)
  object space 1319936K, 99% used [0x00007f82d1000000,0x00007f83218c27d8,0x00007f8321900000)
 Metaspace       used 16384K, capacity 17065K, committed 17152K, reserved 18432K
GC Heap History (10 events):
Event: 16.978 GC heap after
Heap after GC invocations=29 (full 6):
 PSYoungGen      total 748032K, used 125309K [0x00007f8d3bb00000, 0x00007f8d86f80000, 0x00007f9271000000)
  eden space 342016K, 0% used [0x00007f8d3bb00000,0x00007f8d3bb00000,0x00007f8d50900000)
  from space 406016K, 30% used [0x00007f8d50900000,0x00007f8d5835f7f8,0x00007f8d69580000)
  to   space 408064K, 0% used [0x00007f8d6e100000,0x00007f8d6e100000,0x00007f8d86f80000)
 ParOldGen       total 1319936K, used 999524K [0x00007f82d1000000, 0x00007f8321900000, 0x00007f8d3bb00000)
  object space 1319936K, 75% used [0x00007f82d1000000,0x00007f830e0193e0,0x00007f8321900000)
 Metaspace       used 16377K, capacity 17065K, committed 17152K, reserved 18432K
}
Event: 17.223 GC heap before
{Heap before GC invocations=30 (full 6):
 PSYoungGen      total 748032K, used 467325K [0x00007f8d3bb00000, 0x00007f8d86f80000, 0x00007f9271000000)
  eden space 342016K, 100% used [0x00007f8d3bb00000,0x00007f8d50900000,0x00007f8d50900000)
  from space 406016K, 30% used [0x00007f8d50900000,0x00007f8d5835f7f8,0x00007f8d69580000)
  to   space 408064K, 0% used [0x00007f8d6e100000,0x00007f8d6e100000,0x00007f8d86f80000)
 ParOldGen       total 1319936K, used 999524K [0x00007f82d1000000, 0x00007f8321900000, 0x00007f8d3bb00000)
  object space 1319936K, 75% used [0x00007f82d1000000,0x00007f830e0193e0,0x00007f8321900000)
 Metaspace       used 16384K, capacity 17065K, committed 17152K, reserved 18432K
Event: 17.448 GC heap after
Heap after GC invocations=30 (full 6):
 PSYoungGen      total 770048K, used 185312K [0x00007f8d3bb00000, 0x00007f8d84480000, 0x00007f9271000000)
  eden space 406016K, 0% used [0x00007f8d3bb00000,0x00007f8d3bb00000,0x00007f8d54780000)
  from space 364032K, 50% used [0x00007f8d6e100000,0x00007f8d795f8018,0x00007f8d84480000)
  to   space 391680K, 0% used [0x00007f8d54780000,0x00007f8d54780000,0x00007f8d6c600000)
 ParOldGen       total 1319936K, used 1039919K [0x00007f82d1000000, 0x00007f8321900000, 0x00007f8d3bb00000)
  object space 1319936K, 78% used [0x00007f82d1000000,0x00007f831078beb8,0x00007f8321900000)
 Metaspace       used 16384K, capacity 17065K, committed 17152K, reserved 18432K
}
Event: 17.688 GC heap before
{Heap before GC invocations=31 (full 6):
 PSYoungGen      total 770048K, used 591328K [0x00007f8d3bb00000, 0x00007f8d84480000, 0x00007f9271000000)
  eden space 406016K, 100% used [0x00007f8d3bb00000,0x00007f8d54780000,0x00007f8d54780000)
  from space 364032K, 50% used [0x00007f8d6e100000,0x00007f8d795f8018,0x00007f8d84480000)
  to   space 391680K, 0% used [0x00007f8d54780000,0x00007f8d54780000,0x00007f8d6c600000)
 ParOldGen       total 1319936K, used 1039919K [0x00007f82d1000000, 0x00007f8321900000, 0x00007f8d3bb00000)
  object space 1319936K, 78% used [0x00007f82d1000000,0x00007f831078beb8,0x00007f8321900000)
 Metaspace       used 16384K, capacity 17065K, committed 17152K, reserved 18432K
Event: 17.830 GC heap after
Heap after GC invocations=31 (full 6):
 PSYoungGen      total 797696K, used 302304K [0x00007f8d3bb00000, 0x00007f8d89e80000, 0x00007f9271000000)
  eden space 406016K, 0% used [0x00007f8d3bb00000,0x00007f8d3bb00000,0x00007f8d54780000)
  from space 391680K, 77% used [0x00007f8d54780000,0x00007f8d66eb8018,0x00007f8d6c600000)
  to   space 409088K, 0% used [0x00007f8d70f00000,0x00007f8d70f00000,0x00007f8d89e80000)
 ParOldGen       total 1319936K, used 1039919K [0x00007f82d1000000, 0x00007f8321900000, 0x00007f8d3bb00000)
  object space 1319936K, 78% used [0x00007f82d1000000,0x00007f831078beb8,0x00007f8321900000)
 Metaspace       used 16384K, capacity 17065K, committed 17152K, reserved 18432K
}
Event: 18.095 GC heap before
{Heap before GC invocations=32 (full 6):
 PSYoungGen      total 797696K, used 708320K [0x00007f8d3bb00000, 0x00007f8d89e80000, 0x00007f9271000000)
  eden space 406016K, 100% used [0x00007f8d3bb00000,0x00007f8d54780000,0x00007f8d54780000)
  from space 391680K, 77% used [0x00007f8d54780000,0x00007f8d66eb8018,0x00007f8d6c600000)
  to   space 409088K, 0% used [0x00007f8d70f00000,0x00007f8d70f00000,0x00007f8d89e80000)
 ParOldGen       total 1319936K, used 1039919K [0x00007f82d1000000, 0x00007f8321900000, 0x00007f8d3bb00000)
  object space 1319936K, 78% used [0x00007f82d1000000,0x00007f831078beb8,0x00007f8321900000)
 Metaspace       used 16384K, capacity 17065K, committed 17152K, reserved 18432K
Event: 18.362 GC heap after
Heap after GC invocations=32 (full 6):
 PSYoungGen      total 815616K, used 409056K [0x00007f8d3bb00000, 0x00007f8d91080000, 0x00007f9271000000)
  eden space 406528K, 0% used [0x00007f8d3bb00000,0x00007f8d3bb00000,0x00007f8d54800000)
  from space 409088K, 99% used [0x00007f8d70f00000,0x00007f8d89e78018,0x00007f8d89e80000)
  to   space 465920K, 0% used [0x00007f8d54800000,0x00007f8d54800000,0x00007f8d70f00000)
 ParOldGen       total 1319936K, used 1051351K [0x00007f82d1000000, 0x00007f8321900000, 0x00007f8d3bb00000)
  object space 1319936K, 79% used [0x00007f82d1000000,0x00007f83112b5eb8,0x00007f8321900000)
 Metaspace       used 16384K, capacity 17065K, committed 17152K, reserved 18432K
}
Event: 18.611 GC heap before
{Heap before GC invocations=33 (full 6):
 PSYoungGen      total 815616K, used 815584K [0x00007f8d3bb00000, 0x00007f8d91080000, 0x00007f9271000000)
  eden space 406528K, 100% used [0x00007f8d3bb00000,0x00007f8d54800000,0x00007f8d54800000)
  from space 409088K, 99% used [0x00007f8d70f00000,0x00007f8d89e78018,0x00007f8d89e80000)
  to   space 465920K, 0% used [0x00007f8d54800000,0x00007f8d54800000,0x00007f8d70f00000)
 ParOldGen       total 1319936K, used 1051351K [0x00007f82d1000000, 0x00007f8321900000, 0x00007f8d3bb00000)
  object space 1319936K, 79% used [0x00007f82d1000000,0x00007f83112b5eb8,0x00007f8321900000)
 Metaspace       used 16384K, capacity 17065K, committed 17152K, reserved 18432K
Event: 18.881 GC heap after
Heap after GC invocations=33 (full 6):
 PSYoungGen      total 872448K, used 352864K [0x00007f8d3bb00000, 0x00007f8d93b80000, 0x00007f9271000000)
  eden space 406528K, 0% used [0x00007f8d3bb00000,0x00007f8d3bb00000,0x00007f8d54800000)
  from space 465920K, 75% used [0x00007f8d54800000,0x00007f8d6a098018,0x00007f8d70f00000)
  to   space 486400K, 0% used [0x00007f8d76080000,0x00007f8d76080000,0x00007f8d93b80000)
 ParOldGen       total 1319936K, used 1224199K [0x00007f82d1000000, 0x00007f8321900000, 0x00007f8d3bb00000)
  object space 1319936K, 92% used [0x00007f82d1000000,0x00007f831bb81eb8,0x00007f8321900000)
 Metaspace       used 16384K, capacity 17065K, committed 17152K, reserved 18432K
}
Event: 18.882 GC heap before
{Heap before GC invocations=34 (full 7):
 PSYoungGen      total 872448K, used 352864K [0x00007f8d3bb00000, 0x00007f8d93b80000, 0x00007f9271000000)
  eden space 406528K, 0% used [0x00007f8d3bb00000,0x00007f8d3bb00000,0x00007f8d54800000)
  from space 465920K, 75% used [0x00007f8d54800000,0x00007f8d6a098018,0x00007f8d70f00000)
  to   space 486400K, 0% used [0x00007f8d76080000,0x00007f8d76080000,0x00007f8d93b80000)
 ParOldGen       total 1319936K, used 1224199K [0x00007f82d1000000, 0x00007f8321900000, 0x00007f8d3bb00000)
  object space 1319936K, 92% used [0x00007f82d1000000,0x00007f831bb81eb8,0x00007f8321900000)
 Metaspace       used 16384K, capacity 17065K, committed 17152K, reserved 18432K

