# JRE version: Java(TM) SE Runtime Environment (8.0_211-b12) (build 1.8.0_211-b12)
# Java VM: Java HotSpot(TM) 64-Bit Server VM (25.211-b12 mixed mode linux-amd64 compressed oops)
Heap:
 PSYoungGen      total 941568K, used 346467K [0x0000000757980000, 0x00000007bab80000, 0x00000007c0000000)
  eden space 489472K, 0% used [0x0000000757980000,0x0000000757980000,0x0000000775780000)
  from space 452096K, 76% used [0x0000000775780000,0x000000078a9d8fb0,0x0000000791100000)
  to   space 534528K, 0% used [0x000000079a180000,0x000000079a180000,0x00000007bab80000)
 ParOldGen       total 2139136K, used 2138982K [0x0000000686c00000, 0x0000000709500000, 0x0000000757980000)
  object space 2139136K, 99% used [0x0000000686c00000,0x00000007094d98d0,0x0000000709500000)
 Metaspace       used 18060K, capacity 18588K, committed 18688K, reserved 1064960K
  class space    used 2107K, capacity 2272K, committed 2304K, reserved 1048576K
GC Heap History (10 events):
Event: 26.405 GC heap after
Heap after GC invocations=34 (full 7):
 PSYoungGen      total 887296K, used 267048K [0x0000000757980000, 0x00000007ac400000, 0x00000007c0000000)
  eden space 441856K, 0% used [0x0000000757980000,0x0000000757980000,0x0000000772900000)
  from space 445440K, 59% used [0x0000000772900000,0x0000000782dca320,0x000000078dc00000)
  to   space 445440K, 0% used [0x0000000791100000,0x0000000791100000,0x00000007ac400000)
 ParOldGen       total 1614336K, used 1317425K [0x0000000686c00000, 0x00000006e9480000, 0x0000000757980000)
  object space 1614336K, 81% used [0x0000000686c00000,0x00000006d728c4a8,0x00000006e9480000)
 Metaspace       used 17859K, capacity 18396K, committed 18432K, reserved 1064960K
  class space    used 2095K, capacity 2272K, committed 2304K, reserved 1048576K
}
Event: 26.812 GC heap before
{Heap before GC invocations=35 (full 7):
 PSYoungGen      total 887296K, used 708904K [0x0000000757980000, 0x00000007ac400000, 0x00000007c0000000)
  eden space 441856K, 100% used [0x0000000757980000,0x0000000772900000,0x0000000772900000)
  from space 445440K, 59% used [0x0000000772900000,0x0000000782dca320,0x000000078dc00000)
  to   space 445440K, 0% used [0x0000000791100000,0x0000000791100000,0x00000007ac400000)
 ParOldGen       total 1614336K, used 1317425K [0x0000000686c00000, 0x00000006e9480000, 0x0000000757980000)
  object space 1614336K, 81% used [0x0000000686c00000,0x00000006d728c4a8,0x00000006e9480000)
 Metaspace       used 17859K, capacity 18396K, committed 18432K, reserved 1064960K
  class space    used 2095K, capacity 2272K, committed 2304K, reserved 1048576K
Event: 27.024 GC heap after
Heap after GC invocations=35 (full 7):
 PSYoungGen      total 934912K, used 290323K [0x0000000757980000, 0x00000007ad280000, 0x00000007c0000000)
  eden space 489472K, 0% used [0x0000000757980000,0x0000000757980000,0x0000000775780000)
  from space 445440K, 65% used [0x0000000791100000,0x00000007a2c84ee8,0x00000007ac400000)
  to   space 452096K, 0% used [0x0000000775780000,0x0000000775780000,0x0000000791100000)
 ParOldGen       total 1614336K, used 1317425K [0x0000000686c00000, 0x00000006e9480000, 0x0000000757980000)
  object space 1614336K, 81% used [0x0000000686c00000,0x00000006d728c4a8,0x00000006e9480000)
 Metaspace       used 17859K, capacity 18396K, committed 18432K, reserved 1064960K
  class space    used 2095K, capacity 2272K, committed 2304K, reserved 1048576K
}
Event: 27.346 GC heap before
{Heap before GC invocations=36 (full 7):
 PSYoungGen      total 934912K, used 779795K [0x0000000757980000, 0x00000007ad280000, 0x00000007c0000000)
  eden space 489472K, 100% used [0x0000000757980000,0x0000000775780000,0x0000000775780000)
  from space 445440K, 65% used [0x0000000791100000,0x00000007a2c84ee8,0x00000007ac400000)
  to   space 452096K, 0% used [0x0000000775780000,0x0000000775780000,0x0000000791100000)
 ParOldGen       total 1614336K, used 1317425K [0x0000000686c00000, 0x00000006e9480000, 0x0000000757980000)
  object space 1614336K, 81% used [0x0000000686c00000,0x00000006d728c4a8,0x00000006e9480000)
 Metaspace       used 17886K, capacity 18396K, committed 18432K, reserved 1064960K
  class space    used 2097K, capacity 2272K, committed 2304K, reserved 1048576K
Event: 27.593 GC heap after
Heap after GC invocations=36 (full 7):
 PSYoungGen      total 941568K, used 452082K [0x0000000757980000, 0x00000007bab80000, 0x00000007c0000000)
  eden space 489472K, 0% used [0x0000000757980000,0x0000000757980000,0x0000000775780000)
  from space 452096K, 99% used [0x0000000775780000,0x00000007910fca18,0x0000000791100000)
  to   space 534528K, 0% used [0x000000079a180000,0x000000079a180000,0x00000007bab80000)
 ParOldGen       total 1614336K, used 1367412K [0x0000000686c00000, 0x00000006e9480000, 0x0000000757980000)
  object space 1614336K, 84% used [0x0000000686c00000,0x00000006da35d300,0x00000006e9480000)
 Metaspace       used 17886K, capacity 18396K, committed 18432K, reserved 1064960K
  class space    used 2097K, capacity 2272K, committed 2304K, reserved 1048576K
}
Event: 27.642 GC heap before
{Heap before GC invocations=37 (full 7):
 PSYoungGen      total 941568K, used 941554K [0x0000000757980000, 0x00000007bab80000, 0x00000007c0000000)
  eden space 489472K, 100% used [0x0000000757980000,0x0000000775780000,0x0000000775780000)
  from space 452096K, 99% used [0x0000000775780000,0x00000007910fca18,0x0000000791100000)
  to   space 534528K, 0% used [0x000000079a180000,0x000000079a180000,0x00000007bab80000)
 ParOldGen       total 1614336K, used 1367412K [0x0000000686c00000, 0x00000006e9480000, 0x0000000757980000)
  object space 1614336K, 84% used [0x0000000686c00000,0x00000006da35d300,0x00000006e9480000)
 Metaspace       used 17886K, capacity 18396K, committed 18432K, reserved 1064960K
  class space    used 2097K, capacity 2272K, committed 2304K, reserved 1048576K
Event: 28.261 GC heap after
Heap after GC invocations=37 (full 7):
 PSYoungGen      total 941568K, used 941554K [0x0000000757980000, 0x00000007bab80000, 0x00000007c0000000)
  eden space 489472K, 100% used [0x0000000757980000,0x0000000775780000,0x0000000775780000)
  from space 452096K, 99% used [0x0000000775780000,0x00000007910fca18,0x0000000791100000)
  to   space 534528K, 99% used [0x000000079a180000,0x00000007bab78a28,0x00000007bab80000)
 ParOldGen       total 1740288K, used 1739461K [0x0000000686c00000, 0x00000006f0f80000, 0x0000000757980000)
  object space 1740288K, 99% used [0x0000000686c00000,0x00000006f0eb1400,0x00000006f0f80000)
 Metaspace       used 17886K, capacity 18396K, committed 18432K, reserved 1064960K
  class space    used 2097K, capacity 2272K, committed 2304K, reserved 1048576K
}
Event: 28.261 GC heap before
{Heap before GC invocations=38 (full 8):
 PSYoungGen      total 941568K, used 941554K [0x0000000757980000, 0x00000007bab80000, 0x00000007c0000000)
  eden space 489472K, 100% used [0x0000000757980000,0x0000000775780000,0x0000000775780000)
  from space 452096K, 99% used [0x0000000775780000,0x00000007910fca18,0x0000000791100000)
  to   space 534528K, 99% used [0x000000079a180000,0x00000007bab78a28,0x00000007bab80000)
 ParOldGen       total 1740288K, used 1739461K [0x0000000686c00000, 0x00000006f0f80000, 0x0000000757980000)
  object space 1740288K, 99% used [0x0000000686c00000,0x00000006f0eb1400,0x00000006f0f80000)
 Metaspace       used 17886K, capacity 18396K, committed 18432K, reserved 1064960K
  class space    used 2097K, capacity 2272K, committed 2304K, reserved 1048576K
Event: 33.371 GC heap after
Heap after GC invocations=38 (full 8):
 PSYoungGen      total 941568K, used 451893K [0x0000000757980000, 0x00000007bab80000, 0x00000007c0000000)
  eden space 489472K, 0% used [0x0000000757980000,0x0000000757980000,0x0000000775780000)
  from space 452096K, 99% used [0x0000000775780000,0x00000007910cd4d0,0x0000000791100000)
  to   space 534528K, 21% used [0x000000079a180000,0x00000007a0f8d6c0,0x00000007bab80000)
 ParOldGen       total 2139136K, used 1740207K [0x0000000686c00000, 0x0000000709500000, 0x0000000757980000)
  object space 2139136K, 81% used [0x0000000686c00000,0x00000006f0f6bf80,0x0000000709500000)
 Metaspace       used 17886K, capacity 18396K, committed 18432K, reserved 1064960K
  class space    used 2097K, capacity 2272K, committed 2304K, reserved 1048576K
}
Event: 46.889 GC heap before
{Heap before GC invocations=39 (full 9):
 PSYoungGen      total 941568K, used 941365K [0x0000000757980000, 0x00000007bab80000, 0x00000007c0000000)
  eden space 489472K, 100% used [0x0000000757980000,0x0000000775780000,0x0000000775780000)
  from space 452096K, 99% used [0x0000000775780000,0x00000007910cd4d0,0x0000000791100000)
  to   space 534528K, 21% used [0x000000079a180000,0x00000007a0f8d6c0,0x00000007bab80000)
 ParOldGen       total 2139136K, used 1740207K [0x0000000686c00000, 0x0000000709500000, 0x0000000757980000)
  object space 2139136K, 81% used [0x0000000686c00000,0x00000006f0f6bf80,0x0000000709500000)
 Metaspace       used 18060K, capacity 18588K, committed 18688K, reserved 1064960K
  class space    used 2107K, capacity 2272K, committed 2304K, reserved 1048576K

