# JRE version: Java(TM) SE Runtime Environment (8.0_211-b12) (build 1.8.0_211-b12)
# Java VM: Java HotSpot(TM) 64-Bit Server VM (25.211-b12 mixed mode linux-amd64 compressed oops)
Heap:
 PSYoungGen      total 930304K, used 265227K [0x0000000757980000, 0x00000007b5500000, 0x00000007c0000000)
  eden space 360448K, 0% used [0x0000000757980000,0x0000000757980000,0x000000076d980000)
  from space 569856K, 46% used [0x000000076d980000,0x000000077dc82e40,0x0000000790600000)
  to   space 569856K, 0% used [0x0000000792880000,0x0000000792880000,0x00000007b5500000)
 ParOldGen       total 2244096K, used 2243753K [0x0000000686c00000, 0x000000070fb80000, 0x0000000757980000)
  object space 2244096K, 99% used [0x0000000686c00000,0x000000070fb2a4f0,0x000000070fb80000)
 Metaspace       used 18074K, capacity 18600K, committed 18688K, reserved 1064960K
  class space    used 2104K, capacity 2272K, committed 2304K, reserved 1048576K
GC Heap History (10 events):
Event: 29.170 GC heap after
Heap after GC invocations=43 (full 7):
 PSYoungGen      total 676864K, used 347629K [0x0000000757980000, 0x00000007b4e80000, 0x00000007c0000000)
  eden space 329216K, 0% used [0x0000000757980000,0x0000000757980000,0x000000076bb00000)
  from space 347648K, 99% used [0x000000078af80000,0x00000007a02fb410,0x00000007a0300000)
  to   space 512512K, 0% used [0x000000076bb00000,0x000000076bb00000,0x000000078af80000)
 ParOldGen       total 1727488K, used 1727066K [0x0000000686c00000, 0x00000006f0300000, 0x0000000757980000)
  object space 1727488K, 99% used [0x0000000686c00000,0x00000006f0296bc0,0x00000006f0300000)
 Metaspace       used 17898K, capacity 18376K, committed 18688K, reserved 1064960K
  class space    used 2093K, capacity 2240K, committed 2304K, reserved 1048576K
}
Event: 29.170 GC heap before
{Heap before GC invocations=44 (full 8):
 PSYoungGen      total 676864K, used 347629K [0x0000000757980000, 0x00000007b4e80000, 0x00000007c0000000)
  eden space 329216K, 0% used [0x0000000757980000,0x0000000757980000,0x000000076bb00000)
  from space 347648K, 99% used [0x000000078af80000,0x00000007a02fb410,0x00000007a0300000)
  to   space 512512K, 0% used [0x000000076bb00000,0x000000076bb00000,0x000000078af80000)
 ParOldGen       total 1727488K, used 1727066K [0x0000000686c00000, 0x00000006f0300000, 0x0000000757980000)
  object space 1727488K, 99% used [0x0000000686c00000,0x00000006f0296bc0,0x00000006f0300000)
 Metaspace       used 17898K, capacity 18376K, committed 18688K, reserved 1064960K
  class space    used 2093K, capacity 2240K, committed 2304K, reserved 1048576K
Event: 33.528 GC heap after
Heap after GC invocations=44 (full 8):
 PSYoungGen      total 676864K, used 342460K [0x0000000757980000, 0x00000007b4e80000, 0x00000007c0000000)
  eden space 329216K, 0% used [0x0000000757980000,0x0000000757980000,0x000000076bb00000)
  from space 347648K, 98% used [0x000000078af80000,0x000000079fdef290,0x00000007a0300000)
  to   space 512512K, 0% used [0x000000076bb00000,0x000000076bb00000,0x000000078af80000)
 ParOldGen       total 2244096K, used 1727177K [0x0000000686c00000, 0x000000070fb80000, 0x0000000757980000)
  object space 2244096K, 76% used [0x0000000686c00000,0x00000006f02b25f0,0x000000070fb80000)
 Metaspace       used 17898K, capacity 18376K, committed 18688K, reserved 1064960K
  class space    used 2093K, capacity 2240K, committed 2304K, reserved 1048576K
}
Event: 33.583 GC heap before
{Heap before GC invocations=45 (full 8):
 PSYoungGen      total 676864K, used 671676K [0x0000000757980000, 0x00000007b4e80000, 0x00000007c0000000)
  eden space 329216K, 100% used [0x0000000757980000,0x000000076bb00000,0x000000076bb00000)
  from space 347648K, 98% used [0x000000078af80000,0x000000079fdef290,0x00000007a0300000)
  to   space 512512K, 0% used [0x000000076bb00000,0x000000076bb00000,0x000000078af80000)
 ParOldGen       total 2244096K, used 1727177K [0x0000000686c00000, 0x000000070fb80000, 0x0000000757980000)
  object space 2244096K, 76% used [0x0000000686c00000,0x00000006f02b25f0,0x000000070fb80000)
 Metaspace       used 17898K, capacity 18376K, committed 18688K, reserved 1064960K
  class space    used 2093K, capacity 2240K, committed 2304K, reserved 1048576K
Event: 34.037 GC heap after
Heap after GC invocations=45 (full 8):
 PSYoungGen      total 841728K, used 512495K [0x0000000757980000, 0x00000007b3800000, 0x00000007c0000000)
  eden space 329216K, 0% used [0x0000000757980000,0x0000000757980000,0x000000076bb00000)
  from space 512512K, 99% used [0x000000076bb00000,0x000000078af7bf30,0x000000078af80000)
  to   space 569856K, 0% used [0x0000000790b80000,0x0000000790b80000,0x00000007b3800000)
 ParOldGen       total 2244096K, used 1894781K [0x0000000686c00000, 0x000000070fb80000, 0x0000000757980000)
  object space 2244096K, 84% used [0x0000000686c00000,0x00000006fa65f760,0x000000070fb80000)
 Metaspace       used 17898K, capacity 18376K, committed 18688K, reserved 1064960K
  class space    used 2093K, capacity 2240K, committed 2304K, reserved 1048576K
}
Event: 46.342 GC heap before
{Heap before GC invocations=46 (full 8):
 PSYoungGen      total 841728K, used 841711K [0x0000000757980000, 0x00000007b3800000, 0x00000007c0000000)
  eden space 329216K, 100% used [0x0000000757980000,0x000000076bb00000,0x000000076bb00000)
  from space 512512K, 99% used [0x000000076bb00000,0x000000078af7bf30,0x000000078af80000)
  to   space 569856K, 0% used [0x0000000790b80000,0x0000000790b80000,0x00000007b3800000)
 ParOldGen       total 2244096K, used 1894781K [0x0000000686c00000, 0x000000070fb80000, 0x0000000757980000)
  object space 2244096K, 84% used [0x0000000686c00000,0x00000006fa65f760,0x000000070fb80000)
 Metaspace       used 18073K, capacity 18600K, committed 18688K, reserved 1064960K
  class space    used 2104K, capacity 2272K, committed 2304K, reserved 1048576K
Event: 46.603 GC heap after
Heap after GC invocations=46 (full 8):
 PSYoungGen      total 924672K, used 489659K [0x0000000757980000, 0x00000007b3280000, 0x00000007c0000000)
  eden space 360448K, 0% used [0x0000000757980000,0x0000000757980000,0x000000076d980000)
  from space 564224K, 86% used [0x0000000790b80000,0x00000007ae9aec80,0x00000007b3280000)
  to   space 569856K, 0% used [0x000000076d980000,0x000000076d980000,0x0000000790600000)
 ParOldGen       total 2244096K, used 2001431K [0x0000000686c00000, 0x000000070fb80000, 0x0000000757980000)
  object space 2244096K, 89% used [0x0000000686c00000,0x0000000700e85cb8,0x000000070fb80000)
 Metaspace       used 18073K, capacity 18600K, committed 18688K, reserved 1064960K
  class space    used 2104K, capacity 2272K, committed 2304K, reserved 1048576K
}
Event: 46.903 GC heap before
{Heap before GC invocations=47 (full 8):
 PSYoungGen      total 924672K, used 850107K [0x0000000757980000, 0x00000007b3280000, 0x00000007c0000000)
  eden space 360448K, 100% used [0x0000000757980000,0x000000076d980000,0x000000076d980000)
  from space 564224K, 86% used [0x0000000790b80000,0x00000007ae9aec80,0x00000007b3280000)
  to   space 569856K, 0% used [0x000000076d980000,0x000000076d980000,0x0000000790600000)
 ParOldGen       total 2244096K, used 2001431K [0x0000000686c00000, 0x000000070fb80000, 0x0000000757980000)
  object space 2244096K, 89% used [0x0000000686c00000,0x0000000700e85cb8,0x000000070fb80000)
 Metaspace       used 18074K, capacity 18600K, committed 18688K, reserved 1064960K
  class space    used 2104K, capacity 2272K, committed 2304K, reserved 1048576K
Event: 47.069 GC heap after
Heap after GC invocations=47 (full 8):
 PSYoungGen      total 930304K, used 448288K [0x0000000757980000, 0x00000007b5500000, 0x00000007c0000000)
  eden space 360448K, 0% used [0x0000000757980000,0x0000000757980000,0x000000076d980000)
  from space 569856K, 78% used [0x000000076d980000,0x0000000788f48030,0x0000000790600000)
  to   space 569856K, 0% used [0x0000000792880000,0x0000000792880000,0x00000007b5500000)
 ParOldGen       total 2244096K, used 2071156K [0x0000000686c00000, 0x000000070fb80000, 0x0000000757980000)
  object space 2244096K, 92% used [0x0000000686c00000,0x000000070529d2d0,0x000000070fb80000)
 Metaspace       used 18074K, capacity 18600K, committed 18688K, reserved 1064960K
  class space    used 2104K, capacity 2272K, committed 2304K, reserved 1048576K
}
Event: 47.069 GC heap before
{Heap before GC invocations=48 (full 9):
 PSYoungGen      total 930304K, used 448288K [0x0000000757980000, 0x00000007b5500000, 0x00000007c0000000)
  eden space 360448K, 0% used [0x0000000757980000,0x0000000757980000,0x000000076d980000)
  from space 569856K, 78% used [0x000000076d980000,0x0000000788f48030,0x0000000790600000)
  to   space 569856K, 0% used [0x0000000792880000,0x0000000792880000,0x00000007b5500000)
 ParOldGen       total 2244096K, used 2071156K [0x0000000686c00000, 0x000000070fb80000, 0x0000000757980000)
  object space 2244096K, 92% used [0x0000000686c00000,0x000000070529d2d0,0x000000070fb80000)
 Metaspace       used 18074K, capacity 18600K, committed 18688K, reserved 1064960K
  class space    used 2104K, capacity 2272K, committed 2304K, reserved 1048576K

